#
# There is insufficient memory for the Java Runtime Environment to continue.
# Native memory allocation (mmap) failed to map 134217728 bytes for G1 virtual space
# Possible reasons:
#   The system is out of physical RAM or swap space
#   The process is running with CompressedOops enabled, and the Java Heap may be blocking the growth of the native heap
# Possible solutions:
#   Reduce memory load on the system
#   Increase physical memory or swap space
#   Check if swap backing store is full
#   Decrease Java heap size (-Xmx/-Xms)
#   Decrease number of Java threads
#   Decrease Java thread stack sizes (-Xss)
#   Set larger code cache with -XX:ReservedCodeCacheSize=
#   JVM is running with Unscaled Compressed Oops mode in which the Java heap is
#     placed in the first 4GB address space. The Java Heap base address is the
#     maximum limit for the native heap growth. Please use -XX:HeapBaseMinAddress
#     to set the Java Heap base and to place the Java Heap above 4GB virtual address.
# This output file may be truncated or incomplete.
#
#  Out of Memory Error (os_windows.cpp:3536), pid=19284, tid=8928
#
# JRE version:  (19.0.2+7) (build )
# Java VM: Java HotSpot(TM) 64-Bit Server VM (19.0.2+7-44, mixed mode, sharing, tiered, compressed oops, compressed class ptrs, g1 gc, windows-amd64)
# No core dump will be written. Minidumps are not enabled by default on client versions of Windows
#

---------------  S U M M A R Y ------------

Command Line: 

Host: Intel(R) Core(TM) i5-8250U CPU @ 1.60GHz, 8 cores, 7G,  Windows 11 , 64 bit Build 22621 (10.0.22621.4391)
Time: Sun Dec  8 13:40:15 2024 SE Asia Standard Time elapsed time: 0.047080 seconds (0d 0h 0m 0s)

---------------  T H R E A D  ---------------

Current thread (0x000002bc423ef990):  JavaThread "Unknown thread" [_thread_in_vm, id=8928, stack(0x000000f86a600000,0x000000f86a700000)]

Stack: [0x000000f86a600000,0x000000f86a700000]
Native frames: (J=compiled Java code, j=interpreted, Vv=VM code, C=native code)
V  [jvm.dll+0x6ee21a]
V  [jvm.dll+0x85765e]
V  [jvm.dll+0x85904e]
V  [jvm.dll+0x859703]
V  [jvm.dll+0x28298f]
V  [jvm.dll+0x6eb009]
V  [jvm.dll+0x6dfbaa]
V  [jvm.dll+0x3573f6]
V  [jvm.dll+0x35ee56]
V  [jvm.dll+0x3b541e]
V  [jvm.dll+0x3b564f]
V  [jvm.dll+0x32c9ea]
V  [jvm.dll+0x32d89e]
V  [jvm.dll+0x821780]
V  [jvm.dll+0x3c2661]
V  [jvm.dll+0x801f51]
V  [jvm.dll+0x44ae8f]
V  [jvm.dll+0x44c811]
C  [jli.dll+0x5287]
C  [ucrtbase.dll+0x29333]
C  [KERNEL32.DLL+0x1259d]
C  [ntdll.dll+0x5af38]


---------------  P R O C E S S  ---------------

Threads class SMR info:
_java_thread_list=0x00007ffabda2d048, length=0, elements={
}

Java Threads: ( => current thread )

Other Threads:
  0x000002bc4244fc30 WorkerThread "GC Thread#0" [stack: 0x000000f86a800000,0x000000f86a900000] [id=19700]
  0x000002bc424617e0 ConcurrentGCThread "G1 Main Marker" [stack: 0x000000f86a900000,0x000000f86aa00000] [id=15708]
  0x000002bc42462210 WorkerThread "G1 Conc#0" [stack: 0x000000f86aa00000,0x000000f86ab00000] [id=4740]

[error occurred during error reporting (printing all threads), id 0xc0000005, EXCEPTION_ACCESS_VIOLATION (0xc0000005) at pc=0x00007ffabd1ed427]

VM state: not at safepoint (not fully initialized)

VM Mutex/Monitor currently owned by a thread:  ([mutex/lock_event])
[0x000002bc423eb870] Heap_lock - owner thread: 0x000002bc423ef990

Heap address: 0x0000000081e00000, size: 2018 MB, Compressed Oops mode: 32-bit

CDS archive(s) mapped at: [0x0000000000000000-0x0000000000000000-0x0000000000000000), size 0, SharedBaseAddress: 0x0000000800000000, ArchiveRelocationMode: 0.
Narrow klass base: 0x0000000000000000, Narrow klass shift: 0, Narrow klass range: 0x0

GC Precious Log:
 CardTable entry size: 512
 Card Set container configuration: InlinePtr #cards 5 size 8 Array Of Cards #cards 12 size 40 Howl #buckets 4 coarsen threshold 1843 Howl Bitmap #cards 512 size 80 coarsen threshold 460 Card regions per heap region 1 cards per card region 2048

Heap:
 garbage-first heap   total 0K, used 0K [0x0000000081e00000, 0x0000000100000000)
  region size 1024K, 0 young (0K), 0 survivors (0K)

[error occurred during error reporting (printing heap information), id 0xc0000005, EXCEPTION_ACCESS_VIOLATION (0xc0000005) at pc=0x00007ffabd5f6649]

GC Heap History (0 events):
No events

Dll operation events (1 events):
Event: 0.024 Loaded shared library C:\Program Files\Java\jdk-19\bin\java.dll

Deoptimization events (0 events):
No events

Classes loaded (0 events):
No events

Classes unloaded (0 events):
No events

Classes redefined (0 events):
No events

Internal exceptions (0 events):
No events

VM Operations (0 events):
No events

Events (0 events):
No events


Dynamic libraries:
0x00007ff67b930000 - 0x00007ff67b940000 	C:\Program Files\Java\jdk-19\bin\java.exe
0x00007ffb60410000 - 0x00007ffb60627000 	C:\WINDOWS\SYSTEM32\ntdll.dll
0x00007ffb5f8d0000 - 0x00007ffb5f994000 	C:\WINDOWS\System32\KERNEL32.DLL
0x00007ffb5d8f0000 - 0x00007ffb5dca9000 	C:\WINDOWS\System32\KERNELBASE.dll
0x00007ffb5dcb0000 - 0x00007ffb5ddc1000 	C:\WINDOWS\System32\ucrtbase.dll
0x00007ffb37090000 - 0x00007ffb370a8000 	C:\Program Files\Java\jdk-19\bin\jli.dll
0x00007ffb5e2f0000 - 0x00007ffb5e3a2000 	C:\WINDOWS\System32\ADVAPI32.dll
0x00007ffb5fea0000 - 0x00007ffb5ff47000 	C:\WINDOWS\System32\msvcrt.dll
0x00007ffb5fc10000 - 0x00007ffb5fcb7000 	C:\WINDOWS\System32\sechost.dll
0x00007ffb5d840000 - 0x00007ffb5d868000 	C:\WINDOWS\System32\bcrypt.dll
0x00007ffb5ef70000 - 0x00007ffb5f084000 	C:\WINDOWS\System32\RPCRT4.dll
0x00007ffb5e130000 - 0x00007ffb5e2de000 	C:\WINDOWS\System32\USER32.dll
0x00007ffb5e060000 - 0x00007ffb5e086000 	C:\WINDOWS\System32\win32u.dll
0x00007ffb5f090000 - 0x00007ffb5f0b9000 	C:\WINDOWS\System32\GDI32.dll
0x00007ffb5df40000 - 0x00007ffb5e05b000 	C:\WINDOWS\System32\gdi32full.dll
0x00007ffb5e090000 - 0x00007ffb5e12a000 	C:\WINDOWS\System32\msvcp_win.dll
0x00007ffb2e3e0000 - 0x00007ffb2e3fb000 	C:\Program Files\Java\jdk-19\bin\VCRUNTIME140.dll
0x00007ffb44630000 - 0x00007ffb448c2000 	C:\WINDOWS\WinSxS\amd64_microsoft.windows.common-controls_6595b64144ccf1df_6.0.22621.4391_none_2715d37f73803e96\COMCTL32.dll
0x00007ffb54d80000 - 0x00007ffb54d8a000 	C:\WINDOWS\SYSTEM32\VERSION.dll
0x00007ffb5fa50000 - 0x00007ffb5fa81000 	C:\WINDOWS\System32\IMM32.DLL
0x00007ffb429e0000 - 0x00007ffb429ec000 	C:\Program Files\Java\jdk-19\bin\vcruntime140_1.dll
0x00007ffb20150000 - 0x00007ffb201de000 	C:\Program Files\Java\jdk-19\bin\msvcp140.dll
0x00007ffabceb0000 - 0x00007ffabdb70000 	C:\Program Files\Java\jdk-19\bin\server\jvm.dll
0x00007ffb448d0000 - 0x00007ffb448d9000 	C:\WINDOWS\SYSTEM32\WSOCK32.dll
0x00007ffb5f4a0000 - 0x00007ffb5f511000 	C:\WINDOWS\System32\WS2_32.dll
0x00007ffb572e0000 - 0x00007ffb57314000 	C:\WINDOWS\SYSTEM32\WINMM.dll
0x00007ffb5c710000 - 0x00007ffb5c728000 	C:\WINDOWS\SYSTEM32\kernel.appcore.dll
0x00007ffb3f350000 - 0x00007ffb3f35a000 	C:\Program Files\Java\jdk-19\bin\jimage.dll
0x00007ffb5b1a0000 - 0x00007ffb5b3d2000 	C:\WINDOWS\SYSTEM32\DBGHELP.DLL
0x00007ffb5f520000 - 0x00007ffb5f8af000 	C:\WINDOWS\System32\combase.dll
0x00007ffb5e3d0000 - 0x00007ffb5e4a7000 	C:\WINDOWS\System32\OLEAUT32.dll
0x00007ffb37e90000 - 0x00007ffb37ec2000 	C:\WINDOWS\SYSTEM32\dbgcore.DLL
0x00007ffb5d870000 - 0x00007ffb5d8eb000 	C:\WINDOWS\System32\bcryptPrimitives.dll
0x00007ffb2a7a0000 - 0x00007ffb2a7c6000 	C:\Program Files\Java\jdk-19\bin\java.dll

dbghelp: loaded successfully - version: 4.0.5 - missing functions: none
symbol engine: initialized successfully - sym options: 0x614 - pdb path: .;C:\Program Files\Java\jdk-19\bin;C:\WINDOWS\SYSTEM32;C:\WINDOWS\WinSxS\amd64_microsoft.windows.common-controls_6595b64144ccf1df_6.0.22621.4391_none_2715d37f73803e96;C:\Program Files\Java\jdk-19\bin\server

VM Arguments:
java_command: <unknown>
java_class_path (initial): <not set>
Launcher Type: SUN_STANDARD

[Global flags]
     intx CICompilerCount                          = 4                                         {product} {ergonomic}
     uint ConcGCThreads                            = 2                                         {product} {ergonomic}
     uint G1ConcRefinementThreads                  = 8                                         {product} {ergonomic}
   size_t G1HeapRegionSize                         = 1048576                                   {product} {ergonomic}
    uintx GCDrainStackTargetSize                   = 64                                        {product} {ergonomic}
   size_t InitialHeapSize                          = 134217728                                 {product} {ergonomic}
   size_t MarkStackSize                            = 4194304                                   {product} {ergonomic}
   size_t MaxHeapSize                              = 2116026368                                {product} {ergonomic}
   size_t MinHeapDeltaBytes                        = 1048576                                   {product} {ergonomic}
   size_t MinHeapSize                              = 8388608                                   {product} {ergonomic}
    uintx NonNMethodCodeHeapSize                   = 5839372                                {pd product} {ergonomic}
    uintx NonProfiledCodeHeapSize                  = 122909434                              {pd product} {ergonomic}
    uintx ProfiledCodeHeapSize                     = 122909434                              {pd product} {ergonomic}
    uintx ReservedCodeCacheSize                    = 251658240                              {pd product} {ergonomic}
     bool SegmentedCodeCache                       = true                                      {product} {ergonomic}
   size_t SoftMaxHeapSize                          = 2116026368                             {manageable} {ergonomic}
     bool UseCompressedClassPointers               = true                           {product lp64_product} {ergonomic}
     bool UseCompressedOops                        = true                           {product lp64_product} {ergonomic}
     bool UseG1GC                                  = true                                      {product} {ergonomic}
     bool UseLargePagesIndividualAllocation        = false                                  {pd product} {ergonomic}

Logging:
Log output configuration:
 #0: stdout all=warning uptime,level,tags foldmultilines=false
 #1: stderr all=off uptime,level,tags foldmultilines=false

Environment Variables:
JAVA_HOME=C:\Users\ALEXANDER SASTRAWAN\AppData\Local\Programs\Eclipse Adoptium\jdk-17.0.6.10-hotspot\
PATH=C:\Program Files\Common Files\Oracle\Java\javapath;C:\Program Files (x86)\Intel\Intel(R) Management Engine Components\iCLS\;C:\Program Files\Intel\Intel(R) Management Engine Components\iCLS\;C:\Windows\system32;C:\Windows;C:\Windows\System32\Wbem;C:\Windows\System32\WindowsPowerShell\v1.0\;C:\Windows\System32\OpenSSH\;C:\Program Files (x86)\Intel\Intel(R) Management Engine Components\DAL;C:\Program Files\Intel\Intel(R) Management Engine Components\DAL;C:\Program Files (x86)\Intel\Intel(R) Management Engine Components\IPT;C:\Program Files\Intel\Intel(R) Management Engine Components\IPT;C:\Program Files (x86)\NVIDIA Corporation\PhysX\Common;C:\WINDOWS\system32;C:\WINDOWS;C:\WINDOWS\System32\Wbem;C:\WINDOWS\System32\WindowsPowerShell\v1.0\;C:\WINDOWS\System32\OpenSSH\;C:\Gradle\gradle-8.4\bin;C:\Program Files (x86)\Microsoft SQL Server\160\Tools\Binn\;C:\Program Files\Microsoft SQL Server\160\Tools\Binn\;C:\Program Files\Microsoft SQL Server\Client SDK\ODBC\170\Tools\Binn\;C:\Program Files\Microsoft SQL Server\160\DTS\Binn\;C:\Program Files (x86)\Microsoft SQL Server\160\DTS\Binn\;C:\Program Files\Azure Data Studio\bin;C:\Program Files\nodejs\;C:\Program Files\Git\cmd;C:\Users\ALEXANDER SASTRAWAN\AppData\Local\Programs\Python\Python312\Scripts\;C:\Users\ALEXANDER SASTRAWAN\AppData\Local\Programs\Python\Python312\;C:\Users\ALEXANDER SASTRAWAN\AppData\Local\Programs\Eclipse Adoptium\jdk-17.0.6.10-hotspot\bin;C:\Users\ALEXANDER SASTRAWAN\AppData\Local\Microsoft\WindowsApps;C:\xampp\htdocs\xampp\IPA;C:\Program Files\Azure Data Studio\bin;C:\Users\ALEXANDER SASTRAWAN\AppData\Local\Programs\Microsoft VS Code\Microsoft VS Code\bin;C:\Users\ALEXANDER SASTRAWAN\AppData\Roaming\npm
USERNAME=ALEXANDER SASTRAWAN
LANG=en_US.UTF-8
OS=Windows_NT
PROCESSOR_IDENTIFIER=Intel64 Family 6 Model 142 Stepping 10, GenuineIntel
TMP=C:\Users\ALEXAN~1\AppData\Local\Temp
TEMP=C:\Users\ALEXAN~1\AppData\Local\Temp



---------------  S Y S T E M  ---------------

OS:
 Windows 11 , 64 bit Build 22621 (10.0.22621.4391)
OS uptime: 0 days 0:23 hours
Hyper-V role detected

CPU: total 8 (initial active 8) (4 cores per cpu, 2 threads per core) family 6 model 142 stepping 10 microcode 0xe0, cx8, cmov, fxsr, ht, mmx, 3dnowpref, sse, sse2, sse3, ssse3, sse4.1, sse4.2, popcnt, lzcnt, tsc, tscinvbit, avx, avx2, aes, erms, clmul, bmi1, bmi2, adx, fma, vzeroupper, clflush, clflushopt, hv, rdtscp

Memory: 4k page, system-wide physical 8070M (404M free)
TotalPageFile size 13990M (AvailPageFile size 128M)
current process WorkingSet (physical memory assigned to process): 11M, peak: 11M
current process commit charge ("private bytes"): 60M, peak: 188M

vm_info: Java HotSpot(TM) 64-Bit Server VM (19.0.2+7-44) for windows-amd64 JRE (19.0.2+7-44), built on 2022-11-30T18:02:09Z by "mach5one" with MS VC++ 17.1 (VS2022)

END.
